Тест: без ошибок 

----------- ПРОТОКОЛ -----------
 ----------- 15.06.20 16:09:23 -----------
 
 ----------- ПАРАМЕТРЫ ----------- 

-in: D:\Саша\Учёба\2_семестр_1_курс\Языки_программирования\Лабораторные_работы\13\LPLab13\LPLab13\in.txt
-out: D:\Саша\Учёба\2_семестр_1_курс\Языки_программирования\Лабораторные_работы\13\LPLab13\LPLab13\in.txt.out
-log: D:\Саша\Учёба\2_семестр_1_курс\Языки_программирования\Лабораторные_работы\13\LPLab13\LPLab13\in.txt.log

----------- ИСХОДНЫЕ ДАННЫЕ -----------
bmracmem||bmsrsacmsem|bmssrapgmssem|bmrapmssem|bmraplmacmem|bmsssssssrsssssssacmacmacmem|bvmrsapme|bmracmrem|

Всего символов: 109
Всего строк: 6
Пропущено: 0

Цепочка bmracmem распознана.

Цепочка bmsrsacmsem распознана.

Цепочка bmssrapgmssem не распознана.
Номер цепочки:  3. Позиция ошибки в цепочке : 8 

Цепочка bmrapmssem распознана.

Цепочка bmraplmacmem не распознана.
Номер цепочки:  5. Позиция ошибки в цепочке : 6 

Цепочка bmsssssssrsssssssacmacmacmem распознана.

Цепочка bvmrsapme не распознана.
Номер цепочки:  7. Позиция ошибки в цепочке : 2 

Цепочка bmracmrem не распознана.
Номер цепочки:  8. Позиция ошибки в цепочке : 8 
